[Sun Jan 24 13:52:25 2016] [debug] Helper "date_field" already exists, replacing
[Sun Jan 24 13:52:25 2016] [debug] Helper "datetime_field" already exists, replacing
[Sun Jan 24 13:52:25 2016] [debug] Helper "month_field" already exists, replacing
[Sun Jan 24 13:52:25 2016] [debug] Helper "time_field" already exists, replacing
[Sun Jan 24 13:52:25 2016] [debug] Helper "week_field" already exists, replacing
[Sun Jan 24 13:52:25 2016] [debug] Helper "color_field" already exists, replacing
[Sun Jan 24 13:52:25 2016] [debug] Helper "email_field" already exists, replacing
[Sun Jan 24 13:52:25 2016] [debug] Helper "number_field" already exists, replacing
[Sun Jan 24 13:52:25 2016] [debug] Helper "range_field" already exists, replacing
[Sun Jan 24 13:52:25 2016] [debug] Helper "search_field" already exists, replacing
[Sun Jan 24 13:52:25 2016] [debug] Helper "tel_field" already exists, replacing
[Sun Jan 24 13:52:25 2016] [debug] Helper "text_field" already exists, replacing
[Sun Jan 24 13:52:25 2016] [debug] Helper "url_field" already exists, replacing
[Sun Jan 24 13:52:25 2016] [debug] Helper "csrf_field" already exists, replacing
[Sun Jan 24 13:52:25 2016] [debug] Helper "form_for" already exists, replacing
[Sun Jan 24 13:52:25 2016] [debug] Helper "hidden_field" already exists, replacing
[Sun Jan 24 13:52:25 2016] [debug] Helper "javascript" already exists, replacing
[Sun Jan 24 13:52:25 2016] [debug] Helper "label_for" already exists, replacing
[Sun Jan 24 13:52:25 2016] [debug] Helper "link_to" already exists, replacing
[Sun Jan 24 13:52:25 2016] [debug] Helper "select_field" already exists, replacing
[Sun Jan 24 13:52:25 2016] [debug] Helper "stylesheet" already exists, replacing
[Sun Jan 24 13:52:25 2016] [debug] Helper "submit_button" already exists, replacing
[Sun Jan 24 13:52:25 2016] [debug] Helper "tag_with_error" already exists, replacing
[Sun Jan 24 13:52:25 2016] [debug] Helper "text_area" already exists, replacing
[Sun Jan 24 13:52:25 2016] [debug] Helper "check_box" already exists, replacing
[Sun Jan 24 13:52:25 2016] [debug] Helper "file_field" already exists, replacing
[Sun Jan 24 13:52:25 2016] [debug] Helper "image" already exists, replacing
[Sun Jan 24 13:52:25 2016] [debug] Helper "input_tag" already exists, replacing
[Sun Jan 24 13:52:25 2016] [debug] Helper "password_field" already exists, replacing
[Sun Jan 24 13:52:25 2016] [debug] Helper "radio_button" already exists, replacing
[Sun Jan 24 13:52:25 2016] [debug] Helper "t" already exists, replacing
[Sun Jan 24 13:52:25 2016] [debug] Helper "tag" already exists, replacing
[Sun Jan 24 13:52:36 2016] [debug] Helper "date_field" already exists, replacing
[Sun Jan 24 13:52:36 2016] [debug] Helper "datetime_field" already exists, replacing
[Sun Jan 24 13:52:36 2016] [debug] Helper "month_field" already exists, replacing
[Sun Jan 24 13:52:36 2016] [debug] Helper "time_field" already exists, replacing
[Sun Jan 24 13:52:36 2016] [debug] Helper "week_field" already exists, replacing
[Sun Jan 24 13:52:36 2016] [debug] Helper "color_field" already exists, replacing
[Sun Jan 24 13:52:36 2016] [debug] Helper "email_field" already exists, replacing
[Sun Jan 24 13:52:36 2016] [debug] Helper "number_field" already exists, replacing
[Sun Jan 24 13:52:36 2016] [debug] Helper "range_field" already exists, replacing
[Sun Jan 24 13:52:36 2016] [debug] Helper "search_field" already exists, replacing
[Sun Jan 24 13:52:36 2016] [debug] Helper "tel_field" already exists, replacing
[Sun Jan 24 13:52:36 2016] [debug] Helper "text_field" already exists, replacing
[Sun Jan 24 13:52:36 2016] [debug] Helper "url_field" already exists, replacing
[Sun Jan 24 13:52:36 2016] [debug] Helper "csrf_field" already exists, replacing
[Sun Jan 24 13:52:36 2016] [debug] Helper "form_for" already exists, replacing
[Sun Jan 24 13:52:36 2016] [debug] Helper "hidden_field" already exists, replacing
[Sun Jan 24 13:52:36 2016] [debug] Helper "javascript" already exists, replacing
[Sun Jan 24 13:52:36 2016] [debug] Helper "label_for" already exists, replacing
[Sun Jan 24 13:52:36 2016] [debug] Helper "link_to" already exists, replacing
[Sun Jan 24 13:52:36 2016] [debug] Helper "select_field" already exists, replacing
[Sun Jan 24 13:52:36 2016] [debug] Helper "stylesheet" already exists, replacing
[Sun Jan 24 13:52:36 2016] [debug] Helper "submit_button" already exists, replacing
[Sun Jan 24 13:52:36 2016] [debug] Helper "tag_with_error" already exists, replacing
[Sun Jan 24 13:52:36 2016] [debug] Helper "text_area" already exists, replacing
[Sun Jan 24 13:52:36 2016] [debug] Helper "check_box" already exists, replacing
[Sun Jan 24 13:52:36 2016] [debug] Helper "file_field" already exists, replacing
[Sun Jan 24 13:52:36 2016] [debug] Helper "image" already exists, replacing
[Sun Jan 24 13:52:36 2016] [debug] Helper "input_tag" already exists, replacing
[Sun Jan 24 13:52:36 2016] [debug] Helper "password_field" already exists, replacing
[Sun Jan 24 13:52:36 2016] [debug] Helper "radio_button" already exists, replacing
[Sun Jan 24 13:52:36 2016] [debug] Helper "t" already exists, replacing
[Sun Jan 24 13:52:36 2016] [debug] Helper "tag" already exists, replacing
[Sun Jan 24 13:52:36 2016] [info] Listening at "http://*:3000"
[Sun Jan 24 13:53:34 2016] [debug] GET "/mmt/%E6%8B%85%E5%BD%93%E8%80%85"
[Sun Jan 24 13:53:34 2016] [debug] Routing to controller "Tool::mmt::Mmt" and action "mainform"
[Sun Jan 24 13:53:34 2016] [debug] Rendering template "mmt/mainform.html.ep"
[Sun Jan 24 13:53:34 2016] [debug] Your secret passphrase needs to be changed
[Sun Jan 24 13:53:34 2016] [debug] Rendering template "layouts/default.html.ep"
[Sun Jan 24 13:53:34 2016] [debug] 200 OK (0.058428s, 17.115/s)
[Sun Jan 24 13:53:44 2016] [debug] POST "/mmt/%E6%8B%85%E5%BD%93%E8%80%85"
[Sun Jan 24 13:53:44 2016] [debug] Routing to controller "Tool::mmt::Mmt" and action "registry"
[Sun Jan 24 13:53:44 2016] [debug] Rendering template "mmt/datalist.html.ep"
[Sun Jan 24 13:53:44 2016] [debug] Rendering cached template "layouts/default.html.ep"
[Sun Jan 24 13:53:44 2016] [debug] 200 OK (0.018573s, 53.842/s)
[Sun Jan 24 13:53:51 2016] [debug] POST "/mmt/%E6%8B%85%E5%BD%93%E8%80%85"
[Sun Jan 24 13:53:51 2016] [debug] Routing to controller "Tool::mmt::Mmt" and action "registry"
[Sun Jan 24 13:53:51 2016] [debug] Rendering cached template "mmt/mainform.html.ep"
[Sun Jan 24 13:53:51 2016] [debug] Rendering cached template "layouts/default.html.ep"
[Sun Jan 24 13:53:51 2016] [debug] 200 OK (0.014532s, 68.814/s)
[Sun Jan 24 13:54:02 2016] [debug] GET "/mmt/chatdata"
[Sun Jan 24 13:54:02 2016] [debug] Routing to controller "Tool::mmt::Mmt" and action "mainform"
[Sun Jan 24 13:54:02 2016] [debug] Rendering cached template "mmt/mainform.html.ep"
[Sun Jan 24 13:54:02 2016] [debug] Rendering cached template "layouts/default.html.ep"
[Sun Jan 24 13:54:02 2016] [debug] 200 OK (0.009427s, 106.078/s)
[Sun Jan 24 13:54:05 2016] [debug] POST "/mmt/chatdata"
[Sun Jan 24 13:54:05 2016] [debug] Routing to controller "Tool::mmt::Mmt" and action "registry"
[Sun Jan 24 13:54:05 2016] [debug] Rendering cached template "mmt/datalist.html.ep"
[Sun Jan 24 13:54:05 2016] [debug] Rendering cached template "layouts/default.html.ep"
[Sun Jan 24 13:54:05 2016] [debug] 200 OK (0.007717s, 129.584/s)
[Sun Jan 24 13:54:09 2016] [debug] POST "/mmt/chatdata"
[Sun Jan 24 13:54:09 2016] [debug] Routing to controller "Tool::mmt::Mmt" and action "registry"
[Sun Jan 24 13:54:09 2016] [debug] Rendering cached template "mmt/mainform.html.ep"
[Sun Jan 24 13:54:09 2016] [debug] Rendering cached template "layouts/default.html.ep"
[Sun Jan 24 13:54:09 2016] [debug] 200 OK (0.007016s, 142.531/s)
[Mon Jan 25 16:32:41 2016] [debug] Helper "date_field" already exists, replacing
[Mon Jan 25 16:32:41 2016] [debug] Helper "datetime_field" already exists, replacing
[Mon Jan 25 16:32:41 2016] [debug] Helper "month_field" already exists, replacing
[Mon Jan 25 16:32:41 2016] [debug] Helper "time_field" already exists, replacing
[Mon Jan 25 16:32:41 2016] [debug] Helper "week_field" already exists, replacing
[Mon Jan 25 16:32:41 2016] [debug] Helper "color_field" already exists, replacing
[Mon Jan 25 16:32:41 2016] [debug] Helper "email_field" already exists, replacing
[Mon Jan 25 16:32:41 2016] [debug] Helper "number_field" already exists, replacing
[Mon Jan 25 16:32:41 2016] [debug] Helper "range_field" already exists, replacing
[Mon Jan 25 16:32:41 2016] [debug] Helper "search_field" already exists, replacing
[Mon Jan 25 16:32:41 2016] [debug] Helper "tel_field" already exists, replacing
[Mon Jan 25 16:32:41 2016] [debug] Helper "text_field" already exists, replacing
[Mon Jan 25 16:32:41 2016] [debug] Helper "url_field" already exists, replacing
[Mon Jan 25 16:32:41 2016] [debug] Helper "csrf_field" already exists, replacing
[Mon Jan 25 16:32:41 2016] [debug] Helper "form_for" already exists, replacing
[Mon Jan 25 16:32:41 2016] [debug] Helper "hidden_field" already exists, replacing
[Mon Jan 25 16:32:41 2016] [debug] Helper "javascript" already exists, replacing
[Mon Jan 25 16:32:41 2016] [debug] Helper "label_for" already exists, replacing
[Mon Jan 25 16:32:41 2016] [debug] Helper "link_to" already exists, replacing
[Mon Jan 25 16:32:41 2016] [debug] Helper "select_field" already exists, replacing
[Mon Jan 25 16:32:41 2016] [debug] Helper "stylesheet" already exists, replacing
[Mon Jan 25 16:32:41 2016] [debug] Helper "submit_button" already exists, replacing
[Mon Jan 25 16:32:41 2016] [debug] Helper "tag_with_error" already exists, replacing
[Mon Jan 25 16:32:41 2016] [debug] Helper "text_area" already exists, replacing
[Mon Jan 25 16:32:41 2016] [debug] Helper "check_box" already exists, replacing
[Mon Jan 25 16:32:41 2016] [debug] Helper "file_field" already exists, replacing
[Mon Jan 25 16:32:41 2016] [debug] Helper "image" already exists, replacing
[Mon Jan 25 16:32:41 2016] [debug] Helper "input_tag" already exists, replacing
[Mon Jan 25 16:32:41 2016] [debug] Helper "password_field" already exists, replacing
[Mon Jan 25 16:32:41 2016] [debug] Helper "radio_button" already exists, replacing
[Mon Jan 25 16:32:41 2016] [debug] Helper "t" already exists, replacing
[Mon Jan 25 16:32:41 2016] [debug] Helper "tag" already exists, replacing
[Mon Jan 25 16:32:41 2016] [info] Listening at "http://*:3000"
[Mon Jan 25 16:48:32 2016] [debug] GET "/mmt/%E6%8B%85%E5%BD%93%E8%80%85"
[Mon Jan 25 16:48:32 2016] [debug] Routing to controller "Tool::mmt::Mmt" and action "mainform"
[Mon Jan 25 16:48:32 2016] [debug] Rendering template "mmt/mainform.html.ep"
[Mon Jan 25 16:48:32 2016] [debug] Your secret passphrase needs to be changed
[Mon Jan 25 16:48:32 2016] [debug] Rendering template "layouts/default.html.ep"
[Mon Jan 25 16:48:32 2016] [debug] 200 OK (0.053727s, 18.613/s)
[Mon Jan 25 16:48:38 2016] [debug] POST "/mmt/%E6%8B%85%E5%BD%93%E8%80%85"
[Mon Jan 25 16:48:38 2016] [debug] Routing to controller "Tool::mmt::Mmt" and action "registry"
[Mon Jan 25 16:48:38 2016] [debug] Rendering template "mmt/datalist.html.ep"
[Mon Jan 25 16:48:38 2016] [debug] Rendering cached template "layouts/default.html.ep"
[Mon Jan 25 16:48:38 2016] [debug] 200 OK (0.016886s, 59.221/s)
[Mon Jan 25 16:48:52 2016] [debug] POST "/mmt/%E6%8B%85%E5%BD%93%E8%80%85"
[Mon Jan 25 16:48:52 2016] [debug] Routing to controller "Tool::mmt::Mmt" and action "registry"
[Mon Jan 25 16:48:52 2016] [debug] Rendering cached template "mmt/mainform.html.ep"
[Mon Jan 25 16:48:52 2016] [debug] Rendering cached template "layouts/default.html.ep"
[Mon Jan 25 16:48:52 2016] [debug] 200 OK (0.010686s, 93.580/s)
[Mon Jan 25 16:48:55 2016] [debug] GET "/mmt/chatdata"
[Mon Jan 25 16:48:55 2016] [debug] Routing to controller "Tool::mmt::Mmt" and action "mainform"
[Mon Jan 25 16:48:55 2016] [debug] Rendering cached template "mmt/mainform.html.ep"
[Mon Jan 25 16:48:55 2016] [debug] Rendering cached template "layouts/default.html.ep"
[Mon Jan 25 16:48:55 2016] [debug] 200 OK (0.006776s, 147.580/s)
[Mon Jan 25 16:48:57 2016] [debug] POST "/mmt/chatdata"
[Mon Jan 25 16:48:57 2016] [debug] Routing to controller "Tool::mmt::Mmt" and action "registry"
[Mon Jan 25 16:48:57 2016] [debug] Rendering cached template "mmt/datalist.html.ep"
[Mon Jan 25 16:48:57 2016] [debug] Rendering cached template "layouts/default.html.ep"
[Mon Jan 25 16:48:57 2016] [debug] 200 OK (0.006411s, 155.982/s)
[Mon Jan 25 16:49:03 2016] [debug] POST "/mmt/chatdata"
[Mon Jan 25 16:49:03 2016] [debug] Routing to controller "Tool::mmt::Mmt" and action "registry"
[Mon Jan 25 16:49:03 2016] [debug] Rendering cached template "mmt/mainform.html.ep"
[Mon Jan 25 16:49:03 2016] [debug] Rendering cached template "layouts/default.html.ep"
[Mon Jan 25 16:49:03 2016] [debug] 200 OK (0.008337s, 119.947/s)
[Sun Jan 31 03:07:08 2016] [debug] GET "/mmt/%E6%8B%85%E5%BD%93%E8%80%85"
[Sun Jan 31 03:07:08 2016] [debug] Routing to controller "Tool::mmt::Mmt" and action "mainform"
[Sun Jan 31 03:07:08 2016] [debug] Rendering cached template "mmt/mainform.html.ep"
[Sun Jan 31 03:07:08 2016] [debug] Rendering cached template "layouts/default.html.ep"
[Sun Jan 31 03:07:08 2016] [debug] 200 OK (0.010794s, 92.644/s)
[Sun Jan 31 03:07:17 2016] [debug] GET "/mmt/chatdata"
[Sun Jan 31 03:07:17 2016] [debug] Routing to controller "Tool::mmt::Mmt" and action "mainform"
[Sun Jan 31 03:07:17 2016] [debug] Rendering cached template "mmt/mainform.html.ep"
[Sun Jan 31 03:07:17 2016] [debug] Rendering cached template "layouts/default.html.ep"
[Sun Jan 31 03:07:17 2016] [debug] 200 OK (0.007116s, 140.528/s)
[Sun Jan 31 03:07:27 2016] [debug] GET "/mmt/"
[Sun Jan 31 03:07:27 2016] [debug] Template "not_found.development.html.ep" not found
[Sun Jan 31 03:07:27 2016] [debug] Template "not_found.html.ep" not found
[Sun Jan 31 03:07:27 2016] [debug] Rendering template "mojo/debug.html.ep"
[Sun Jan 31 03:07:27 2016] [debug] Rendering template "mojo/menubar.html.ep"
[Sun Jan 31 03:07:27 2016] [debug] 404 Not Found (0.042574s, 23.489/s)
[Sun Jan 31 03:08:03 2016] [debug] GET "/"
[Sun Jan 31 03:08:03 2016] [debug] Routing to controller "Tool::mmt::Example" and action "welcome"
[Sun Jan 31 03:08:03 2016] [debug] Rendering template "example/welcome.html.ep"
[Sun Jan 31 03:08:03 2016] [debug] Rendering template "layouts/default.html.ep"
[Sun Jan 31 03:08:03 2016] [debug] 200 OK (0.008089s, 123.625/s)
[Sun Jan 31 03:08:25 2016] [debug] GET "/mmt/%E6%8B%85%E5%BD%93%E8%80%85"
[Sun Jan 31 03:08:25 2016] [debug] Routing to controller "Tool::mmt::Mmt" and action "mainform"
[Sun Jan 31 03:08:25 2016] [debug] Rendering cached template "mmt/mainform.html.ep"
[Sun Jan 31 03:08:25 2016] [debug] Rendering cached template "layouts/default.html.ep"
[Sun Jan 31 03:08:25 2016] [debug] 200 OK (0.022776s, 43.906/s)
